#
# A fatal error has been detected by the Java Runtime Environment:
#
#  Internal Error (javaClasses.cpp:129), pid=2660, tid=40
#  fatal error: Invalid layout of preloaded class
#
# JRE version: 7.0_15-b03
# Java VM: Java HotSpot(TM) 64-Bit Server VM (23.7-b01 mixed mode windows-amd64 compressed oops)
# Failed to write core dump. Minidumps are not enabled by default on client versions of Windows
#
# If you would like to submit a bug report, please visit:
#   http://bugreport.sun.com/bugreport/crash.jsp
#

---------------  T H R E A D  ---------------

Current thread (0x00000000021ad800):  JavaThread "Unknown thread" [_thread_in_vm, id=40, stack(0x0000000002000000,0x0000000002100000)]

Stack: [0x0000000002000000,0x0000000002100000]

---------------  P R O C E S S  ---------------

Java Threads: ( => current thread )

Other Threads:

=>0x00000000021ad800 (exited) JavaThread "Unknown thread" [_thread_in_vm, id=40, stack(0x0000000002000000,0x0000000002100000)]

VM state:not at safepoint (not fully initialized)

VM Mutex/Monitor currently owned by a thread: None

GC Heap History (0 events):
No events

Deoptimization events (0 events):
No events

Internal exceptions (0 events):
No events

Events (10 events):
Event: 0.010 loading class 0x00000000024f33f0 done
Event: 0.010 loading class 0x00000000024f3510 done
Event: 0.010 loading class 0x00000000024f3750
Event: 0.010 loading class 0x000000000252f450
Event: 0.010 loading class 0x000000000252f450 done
Event: 0.010 loading class 0x000000000252f4d0
Event: 0.010 loading class 0x000000000252f4d0 done
Event: 0.010 loading class 0x000000000b49c550
Event: 0.010 loading class 0x000000000b49c550 done
Event: 0.010 loading class 0x00000000024f3750 done


Dynamic libraries:
0x000007f66c470000 - 0x000007f66c4a3000 	C:\Program Files\Java\jre7\bin\javaw.exe
0x000007f8541e0000 - 0x000007f8543a0000 	C:\WINDOWS\SYSTEM32\ntdll.dll
0x000007f853e10000 - 0x000007f853f46000 	C:\WINDOWS\system32\KERNEL32.DLL
0x000007f851170000 - 0x000007f851263000 	C:\WINDOWS\system32\KERNELBASE.dll
0x000007f853ac0000 - 0x000007f853b9e000 	C:\WINDOWS\system32\ADVAPI32.dll
0x000007f851d70000 - 0x000007f851ebc000 	C:\WINDOWS\system32\USER32.dll
0x000007f84f1f0000 - 0x000007f84f45a000 	C:\WINDOWS\WinSxS\amd64_microsoft.windows.common-controls_6595b64144ccf1df_6.0.9200.16579_none_418ab7ef718b27ef\COMCTL32.dll
0x000007f8519d0000 - 0x000007f851a75000 	C:\WINDOWS\system32\msvcrt.dll
0x000007f851b30000 - 0x000007f851b78000 	C:\WINDOWS\SYSTEM32\sechost.dll
0x000007f853980000 - 0x000007f853ac0000 	C:\WINDOWS\system32\RPCRT4.dll
0x000007f853520000 - 0x000007f853661000 	C:\WINDOWS\system32\GDI32.dll
0x000007f853ba0000 - 0x000007f853bd9000 	C:\WINDOWS\system32\IMM32.DLL
0x000007f853860000 - 0x000007f853975000 	C:\WINDOWS\system32\MSCTF.dll
0x00000000512f0000 - 0x00000000513c1000 	C:\Program Files\Java\jre7\bin\msvcr100.dll
0x0000000050bd0000 - 0x00000000512ef000 	C:\Program Files\Java\jre7\bin\server\jvm.dll
0x000007f84a210000 - 0x000007f84a219000 	C:\WINDOWS\SYSTEM32\WSOCK32.dll
0x000007f84c6d0000 - 0x000007f84c6f0000 	C:\WINDOWS\SYSTEM32\WINMM.dll
0x000007f851960000 - 0x000007f851967000 	C:\WINDOWS\system32\PSAPI.DLL
0x000007f851900000 - 0x000007f851958000 	C:\WINDOWS\system32\WS2_32.dll
0x000007f84c680000 - 0x000007f84c6b2000 	C:\WINDOWS\SYSTEM32\WINMMBASE.dll
0x000007f853850000 - 0x000007f853859000 	C:\WINDOWS\system32\NSI.dll
0x0000000050bc0000 - 0x0000000050bcf000 	C:\Program Files\Java\jre7\bin\verify.dll
0x0000000050b90000 - 0x0000000050bb8000 	C:\Program Files\Java\jre7\bin\java.dll
0x0000000050b70000 - 0x0000000050b85000 	C:\Program Files\Java\jre7\bin\zip.dll

VM Arguments:
jvm_args: -Dfile.encoding=GBK -Xbootclasspath:C:\Users\Jiaqing\tools\adt-bundle-windows-x86_64\sdk\platforms\android-17\android.jar 
java_command: com.k.qing.view4jenkins.util.JenkinsJsonParser
Launcher Type: SUN_STANDARD

Environment Variables:
JAVA_HOME=C:\Program Files\Java\jdk1.7.0_15
PATH=C:\Program Files (x86)\NVIDIA Corporation\PhysX\Common;C:\WINDOWS\system32;C:\WINDOWS;C:\WINDOWS\System32\Wbem;C:\WINDOWS\System32\WindowsPowerShell\v1.0\;C:\Program Files\Java\jdk1.7.0_15\bin;C:\Program Files (x86)\Windows Live\Shared
USERNAME=Jiaqing
OS=Windows_NT
PROCESSOR_IDENTIFIER=Intel64 Family 6 Model 42 Stepping 7, GenuineIntel



---------------  S Y S T E M  ---------------

OS: Windows 8 , 64 bit Build 9200 

CPU:total 4 (2 cores per cpu, 2 threads per core) family 6 model 42 stepping 7, cmov, cx8, fxsr, mmx, sse, sse2, sse3, ssse3, sse4.1, sse4.2, popcnt, avx, ht, tsc, tscinvbit

Memory: 4k page, physical 8370516k(4106644k free), swap 9615700k(3604316k free)

vm_info: Java HotSpot(TM) 64-Bit Server VM (23.7-b01) for windows-amd64 JRE (1.7.0_15-b03), built on Feb 15 2013 13:43:57 by "java_re" with unknown MS VC++:1600

time: Wed Aug 07 11:36:15 2013
elapsed time: 0 seconds

